<?xml version="1.0" encoding="UTF-8"?>
<!-- Generated by org.testng.reporters.JUnitReportReporter -->
<testsuite hostname="Thien-Acer" failures="0" tests="3" name="Test.HomePageTest" time="64.851" errors="0" timestamp="2021-11-06T11:15:12 ICT" skipped="1">
  <testcase classname="Test.HomePageTest" name="HomePage_MenuTop_Check" time="50.853"/>
  <system-out/>
  <testcase classname="Test.HomePageTest" name="Check_menu_duoi" time="13.998"/>
  <system-out/>
  <testcase classname="Test.HomePageTest" name="chonthuonghieu">
    <skipped/>
  </testcase> <!-- chonthuonghieu -->
  <system-out/>
</testsuite> <!-- Test.HomePageTest -->
