<?xml version="1.0" encoding="UTF-8"?>
<!-- Generated by org.testng.reporters.JUnitReportReporter -->
<testsuite hostname="Thien-Acer" failures="0" tests="1" name="Test.TabletPageTest" time="15.127" errors="0" timestamp="2021-11-20T09:28:34 ICT" skipped="0">
  <testcase classname="Test.TabletPageTest" name="TLP01_TLP07" time="15.127"/>
  <system-out/>
</testsuite> <!-- Test.TabletPageTest -->
