<?xml version="1.0" encoding="UTF-8"?>
<!-- Generated by org.testng.reporters.JUnitReportReporter -->
<testsuite hostname="Thien-Acer" failures="0" tests="7" name="Test.HomePageTest" time="13.941" errors="0" timestamp="2021-11-08T22:20:35 ICT" skipped="3">
  <testcase classname="Test.HomePageTest" name="check_fb" time="5.563"/>
  <system-out/>
  <testcase classname="Test.HomePageTest" name="check_youtube" time="3.122"/>
  <system-out/>
  <testcase classname="Test.HomePageTest" name="check_instagram" time="2.623"/>
  <system-out/>
  <testcase classname="Test.HomePageTest" name="check_tiktok" time="2.633"/>
  <system-out/>
  <testcase classname="Test.HomePageTest" name="Check_menu_duoi">
    <skipped/>
  </testcase> <!-- Check_menu_duoi -->
  <system-out/>
  <testcase classname="Test.HomePageTest" name="HomePage_MenuTop_Check">
    <skipped/>
  </testcase> <!-- HomePage_MenuTop_Check -->
  <system-out/>
  <testcase classname="Test.HomePageTest" name="chonthuonghieu">
    <skipped/>
  </testcase> <!-- chonthuonghieu -->
  <system-out/>
</testsuite> <!-- Test.HomePageTest -->
