<?xml version="1.0" encoding="UTF-8"?>
<!-- Generated by org.testng.reporters.JUnitReportReporter -->
<testsuite hostname="Thien-Acer" failures="0" tests="3" name="Test.LoginPageTest" time="27.246" errors="0" timestamp="2021-11-12T16:21:56 ICT" skipped="0">
  <testcase classname="Test.LoginPageTest" name="check_lg_01" time="1.167"/>
  <system-out/>
  <testcase classname="Test.LoginPageTest" name="check_lg_02" time="0.647"/>
  <system-out/>
  <testcase classname="Test.LoginPageTest" name="check_lg_03" time="25.432"/>
  <system-out/>
</testsuite> <!-- Test.LoginPageTest -->
