<?xml version="1.0" encoding="UTF-8"?>
<!-- Generated by org.testng.reporters.JUnitReportReporter -->
<testsuite hostname="Thien-Acer" failures="0" tests="21" name="Test.HomePageTest" time="79.214" errors="0" timestamp="2021-11-19T17:22:19 ICT" skipped="0">
  <testcase classname="Test.HomePageTest" name="HMP01_to_HMP06" time="10.550"/>
  <system-out/>
  <testcase classname="Test.HomePageTest" name="HMP_07" time="1.301"/>
  <system-out/>
  <testcase classname="Test.HomePageTest" name="HMP_08" time="1.044"/>
  <system-out/>
  <testcase classname="Test.HomePageTest" name="HMP_09" time="0.871"/>
  <system-out/>
  <testcase classname="Test.HomePageTest" name="HMP_10" time="1.396"/>
  <system-out/>
  <testcase classname="Test.HomePageTest" name="HMP_11" time="1.196"/>
  <system-out/>
  <testcase classname="Test.HomePageTest" name="HMP_12" time="0.821"/>
  <system-out/>
  <testcase classname="Test.HomePageTest" name="HMP_13" time="0.908"/>
  <system-out/>
  <testcase classname="Test.HomePageTest" name="HMP_14" time="0.867"/>
  <system-out/>
  <testcase classname="Test.HomePageTest" name="HMP_15" time="0.831"/>
  <system-out/>
  <testcase classname="Test.HomePageTest" name="HMP_16" time="1.234"/>
  <system-out/>
  <testcase classname="Test.HomePageTest" name="HMP_17" time="1.048"/>
  <system-out/>
  <testcase classname="Test.HomePageTest" name="HMP_18" time="10.718"/>
  <system-out/>
  <testcase classname="Test.HomePageTest" name="HMP_19" time="0.859"/>
  <system-out/>
  <testcase classname="Test.HomePageTest" name="HMP_20" time="2.936"/>
  <system-out/>
  <testcase classname="Test.HomePageTest" name="HMP_21" time="3.649"/>
  <system-out/>
  <testcase classname="Test.HomePageTest" name="HMP_22" time="13.153"/>
  <system-out/>
  <testcase classname="Test.HomePageTest" name="HMP_23" time="2.099"/>
  <system-out/>
  <testcase classname="Test.HomePageTest" name="HMP_24" time="2.780"/>
  <system-out/>
  <testcase classname="Test.HomePageTest" name="HMP_25" time="1.450"/>
  <system-out/>
  <testcase classname="Test.HomePageTest" name="HMP26_to_HMP39" time="19.503"/>
  <system-out/>
</testsuite> <!-- Test.HomePageTest -->
