<?xml version="1.0" encoding="UTF-8"?>
<!-- Generated by org.testng.reporters.JUnitReportReporter -->
<testsuite hostname="Thien-Acer" failures="0" tests="1" name="Test.TabletPageTest" time="23.193" errors="0" timestamp="2021-11-12T16:21:56 ICT" skipped="0">
  <testcase classname="Test.TabletPageTest" name="check_thuonghieu" time="23.193"/>
  <system-out/>
</testsuite> <!-- Test.TabletPageTest -->
