<?xml version="1.0" encoding="UTF-8"?>
<!-- Generated by org.testng.reporters.JUnitReportReporter -->
<testsuite hostname="Thien-Acer" failures="0" tests="3" name="Test.HomePageTest" time="2.562" errors="0" timestamp="2021-11-03T15:13:25 ICT" skipped="2">
  <testcase classname="Test.HomePageTest" name="check_chon_menu" time="2.562"/>
  <system-out/>
  <testcase classname="Test.HomePageTest" name="check_div_title">
    <skipped/>
  </testcase> <!-- check_div_title -->
  <system-out/>
  <testcase classname="Test.HomePageTest" name="chonthuonghieu">
    <skipped/>
  </testcase> <!-- chonthuonghieu -->
  <system-out/>
</testsuite> <!-- Test.HomePageTest -->
