<?xml version="1.0" encoding="UTF-8"?>
<!-- Generated by org.testng.reporters.JUnitReportReporter -->
<testsuite hostname="Thien-Acer" failures="0" tests="21" name="Test.HomePageTest" time="72.793" errors="0" timestamp="2021-11-20T09:28:34 ICT" skipped="0">
  <testcase classname="Test.HomePageTest" name="HMP01_to_HMP06" time="8.646"/>
  <system-out/>
  <testcase classname="Test.HomePageTest" name="HMP_07" time="1.112"/>
  <system-out/>
  <testcase classname="Test.HomePageTest" name="HMP_08" time="1.081"/>
  <system-out/>
  <testcase classname="Test.HomePageTest" name="HMP_09" time="1.300"/>
  <system-out/>
  <testcase classname="Test.HomePageTest" name="HMP_10" time="1.087"/>
  <system-out/>
  <testcase classname="Test.HomePageTest" name="HMP_11" time="1.563"/>
  <system-out/>
  <testcase classname="Test.HomePageTest" name="HMP_12" time="0.827"/>
  <system-out/>
  <testcase classname="Test.HomePageTest" name="HMP_13" time="0.793"/>
  <system-out/>
  <testcase classname="Test.HomePageTest" name="HMP_14" time="0.780"/>
  <system-out/>
  <testcase classname="Test.HomePageTest" name="HMP_15" time="1.252"/>
  <system-out/>
  <testcase classname="Test.HomePageTest" name="HMP_16" time="0.650"/>
  <system-out/>
  <testcase classname="Test.HomePageTest" name="HMP_17" time="1.576"/>
  <system-out/>
  <testcase classname="Test.HomePageTest" name="HMP_18" time="8.903"/>
  <system-out/>
  <testcase classname="Test.HomePageTest" name="HMP_19" time="1.228"/>
  <system-out/>
  <testcase classname="Test.HomePageTest" name="HMP_20" time="3.071"/>
  <system-out/>
  <testcase classname="Test.HomePageTest" name="HMP_21" time="3.711"/>
  <system-out/>
  <testcase classname="Test.HomePageTest" name="HMP_22" time="2.914"/>
  <system-out/>
  <testcase classname="Test.HomePageTest" name="HMP_23" time="1.842"/>
  <system-out/>
  <testcase classname="Test.HomePageTest" name="HMP_24" time="2.658"/>
  <system-out/>
  <testcase classname="Test.HomePageTest" name="HMP_25" time="1.377"/>
  <system-out/>
  <testcase classname="Test.HomePageTest" name="HMP26_to_HMP39" time="26.422"/>
  <system-out/>
</testsuite> <!-- Test.HomePageTest -->
