<?xml version="1.0" encoding="UTF-8"?>
<!-- Generated by org.testng.reporters.JUnitReportReporter -->
<testsuite hostname="Thien-Acer" failures="0" tests="21" name="Test.HomePageTest" time="16.467" errors="0" timestamp="2021-11-09T19:37:53 ICT" skipped="20">
  <testcase classname="Test.HomePageTest" name="HomePage_MenuTop_Check" time="16.467"/>
  <system-out/>
  <testcase classname="Test.HomePageTest" name="check_simthe">
    <skipped/>
  </testcase> <!-- check_simthe -->
  <system-out/>
  <testcase classname="Test.HomePageTest" name="check_suachua">
    <skipped/>
  </testcase> <!-- check_suachua -->
  <system-out/>
  <testcase classname="Test.HomePageTest" name="check_laptop">
    <skipped/>
  </testcase> <!-- check_laptop -->
  <system-out/>
  <testcase classname="Test.HomePageTest" name="check_tintuc">
    <skipped/>
  </testcase> <!-- check_tintuc -->
  <system-out/>
  <testcase classname="Test.HomePageTest" name="check_maytroi">
    <skipped/>
  </testcase> <!-- check_maytroi -->
  <system-out/>
  <testcase classname="Test.HomePageTest" name="check_fb">
    <skipped/>
  </testcase> <!-- check_fb -->
  <system-out/>
  <testcase classname="Test.HomePageTest" name="check_dongho">
    <skipped/>
  </testcase> <!-- check_dongho -->
  <system-out/>
  <testcase classname="Test.HomePageTest" name="check_tablet">
    <skipped/>
  </testcase> <!-- check_tablet -->
  <system-out/>
  <testcase classname="Test.HomePageTest" name="check_CTKM">
    <skipped/>
  </testcase> <!-- check_CTKM -->
  <system-out/>
  <testcase classname="Test.HomePageTest" name="check_instagram">
    <skipped/>
  </testcase> <!-- check_instagram -->
  <system-out/>
  <testcase classname="Test.HomePageTest" name="check_hangsx">
    <skipped/>
  </testcase> <!-- check_hangsx -->
  <system-out/>
  <testcase classname="Test.HomePageTest" name="check_dochoicn">
    <skipped/>
  </testcase> <!-- check_dochoicn -->
  <system-out/>
  <testcase classname="Test.HomePageTest" name="check_youtube">
    <skipped/>
  </testcase> <!-- check_youtube -->
  <system-out/>
  <testcase classname="Test.HomePageTest" name="check_search_items">
    <skipped/>
  </testcase> <!-- check_search_items -->
  <system-out/>
  <testcase classname="Test.HomePageTest" name="check_smarthome">
    <skipped/>
  </testcase> <!-- check_smarthome -->
  <system-out/>
  <testcase classname="Test.HomePageTest" name="check_tiktok">
    <skipped/>
  </testcase> <!-- check_tiktok -->
  <system-out/>
  <testcase classname="Test.HomePageTest" name="check_phukien">
    <skipped/>
  </testcase> <!-- check_phukien -->
  <system-out/>
  <testcase classname="Test.HomePageTest" name="check_flashsale">
    <skipped/>
  </testcase> <!-- check_flashsale -->
  <system-out/>
  <testcase classname="Test.HomePageTest" name="check_dienthoai">
    <skipped/>
  </testcase> <!-- check_dienthoai -->
  <system-out/>
  <testcase classname="Test.HomePageTest" name="check_amthanh">
    <skipped/>
  </testcase> <!-- check_amthanh -->
  <system-out/>
</testsuite> <!-- Test.HomePageTest -->
