<?xml version="1.0" encoding="UTF-8"?>
<!-- Generated by org.testng.reporters.JUnitReportReporter -->
<testsuite hostname="Thien-Acer" failures="0" tests="3" name="Test.LoginPageTest" time="7.399" errors="0" timestamp="2021-11-20T09:28:34 ICT" skipped="0">
  <testcase classname="Test.LoginPageTest" name="LGP_01" time="1.391"/>
  <system-out/>
  <testcase classname="Test.LoginPageTest" name="LGP_02" time="0.772"/>
  <system-out/>
  <testcase classname="Test.LoginPageTest" name="LGP_03" time="5.236"/>
  <system-out/>
</testsuite> <!-- Test.LoginPageTest -->
