<?xml version="1.0" encoding="UTF-8"?>
<!-- Generated by org.testng.reporters.JUnitReportReporter -->
<testsuite hostname="Thien-Acer" failures="0" tests="21" name="Test.HomePageTest" time="57.834" errors="0" timestamp="2021-11-12T16:21:56 ICT" skipped="0">
  <testcase classname="Test.HomePageTest" name="HomePage_MenuTop_Check" time="6.959"/>
  <system-out/>
  <testcase classname="Test.HomePageTest" name="check_dienthoai" time="0.817"/>
  <system-out/>
  <testcase classname="Test.HomePageTest" name="check_dongho" time="1.178"/>
  <system-out/>
  <testcase classname="Test.HomePageTest" name="check_laptop" time="0.834"/>
  <system-out/>
  <testcase classname="Test.HomePageTest" name="check_tablet" time="0.973"/>
  <system-out/>
  <testcase classname="Test.HomePageTest" name="check_amthanh" time="0.299"/>
  <system-out/>
  <testcase classname="Test.HomePageTest" name="check_smarthome" time="1.242"/>
  <system-out/>
  <testcase classname="Test.HomePageTest" name="check_phukien" time="1.210"/>
  <system-out/>
  <testcase classname="Test.HomePageTest" name="check_dochoicn" time="1.122"/>
  <system-out/>
  <testcase classname="Test.HomePageTest" name="check_maytroi" time="0.795"/>
  <system-out/>
  <testcase classname="Test.HomePageTest" name="check_suachua" time="2.035"/>
  <system-out/>
  <testcase classname="Test.HomePageTest" name="check_simthe" time="0.878"/>
  <system-out/>
  <testcase classname="Test.HomePageTest" name="check_tintuc" time="6.445"/>
  <system-out/>
  <testcase classname="Test.HomePageTest" name="check_flashsale" time="0.858"/>
  <system-out/>
  <testcase classname="Test.HomePageTest" name="check_CTKM" time="0.980"/>
  <system-out/>
  <testcase classname="Test.HomePageTest" name="check_fb" time="3.372"/>
  <system-out/>
  <testcase classname="Test.HomePageTest" name="check_youtube" time="3.216"/>
  <system-out/>
  <testcase classname="Test.HomePageTest" name="check_instagram" time="2.901"/>
  <system-out/>
  <testcase classname="Test.HomePageTest" name="check_tiktok" time="2.508"/>
  <system-out/>
  <testcase classname="Test.HomePageTest" name="check_search_items" time="1.640"/>
  <system-out/>
  <testcase classname="Test.HomePageTest" name="check_hangsx" time="17.572"/>
  <system-out/>
</testsuite> <!-- Test.HomePageTest -->
