<?xml version="1.0" encoding="UTF-8"?>
<!-- Generated by org.testng.reporters.JUnitReportReporter -->
<testsuite hostname="Thien-Acer" failures="0" tests="3" name="Test.LoginPageTest" time="6.444" errors="0" timestamp="2021-11-19T17:22:19 ICT" skipped="0">
  <testcase classname="Test.LoginPageTest" name="LGP_01" time="1.023"/>
  <system-out/>
  <testcase classname="Test.LoginPageTest" name="LGP_02" time="1.044"/>
  <system-out/>
  <testcase classname="Test.LoginPageTest" name="LGP_03" time="4.377"/>
  <system-out/>
</testsuite> <!-- Test.LoginPageTest -->
